[0.103s] DEBUG:colcon:Command line arguments: ['/usr/bin/colcon', 'build']
[0.103s] DEBUG:colcon:Parsed command line arguments: Namespace(log_base=None, log_level=None, verb_name='build', build_base='build', install_base='install', merge_install=False, symlink_install=False, test_result_base=None, continue_on_error=False, executor='parallel', parallel_workers=6, event_handlers=None, ignore_user_meta=False, metas=['./colcon.meta'], base_paths=['.'], packages_ignore=None, packages_ignore_regex=None, paths=None, packages_up_to=None, packages_up_to_regex=None, packages_above=None, packages_above_and_dependencies=None, packages_above_depth=None, packages_select_by_dep=None, packages_skip_by_dep=None, packages_skip_up_to=None, packages_select_build_failed=False, packages_skip_build_finished=False, packages_select_test_failures=False, packages_skip_test_passed=False, packages_select=None, packages_skip=None, packages_select_regex=None, packages_skip_regex=None, packages_start=None, packages_end=None, allow_overriding=[], cmake_args=None, cmake_target=None, cmake_target_skip_unavailable=False, cmake_clean_cache=False, cmake_clean_first=False, cmake_force_configure=False, ament_cmake_args=None, catkin_cmake_args=None, catkin_skip_building_tests=False, mixin_files=None, mixin=None, verb_parser=<colcon_mixin.mixin.mixin_argument.MixinArgumentDecorator object at 0x7602fdcae680>, verb_extension=<colcon_core.verb.build.BuildVerb object at 0x7602fdcae080>, main=<bound method BuildVerb.main of <colcon_core.verb.build.BuildVerb object at 0x7602fdcae080>>, mixin_verb=('build',))
[0.134s] Level 1:colcon.colcon_core.package_discovery:discover_packages(colcon_meta) check parameters
[0.134s] Level 1:colcon.colcon_core.package_discovery:discover_packages(recursive) check parameters
[0.134s] Level 1:colcon.colcon_core.package_discovery:discover_packages(ignore) check parameters
[0.134s] Level 1:colcon.colcon_core.package_discovery:discover_packages(path) check parameters
[0.134s] Level 1:colcon.colcon_core.package_discovery:discover_packages(colcon_meta) discover
[0.135s] Level 1:colcon.colcon_core.package_discovery:discover_packages(recursive) discover
[0.135s] INFO:colcon.colcon_core.package_discovery:Crawling recursively for packages in '/home/jpm/hexabot_ws'
[0.135s] Level 1:colcon.colcon_core.package_identification:_identify(.) by extensions ['ignore', 'ignore_ament_install']
[0.135s] Level 1:colcon.colcon_core.package_identification:_identify(.) by extension 'ignore'
[0.135s] Level 1:colcon.colcon_core.package_identification:_identify(.) by extension 'ignore_ament_install'
[0.135s] Level 1:colcon.colcon_core.package_identification:_identify(.) by extensions ['colcon_pkg']
[0.135s] Level 1:colcon.colcon_core.package_identification:_identify(.) by extension 'colcon_pkg'
[0.135s] Level 1:colcon.colcon_core.package_identification:_identify(.) by extensions ['colcon_meta']
[0.135s] Level 1:colcon.colcon_core.package_identification:_identify(.) by extension 'colcon_meta'
[0.135s] Level 1:colcon.colcon_core.package_identification:_identify(.) by extensions ['ros']
[0.135s] Level 1:colcon.colcon_core.package_identification:_identify(.) by extension 'ros'
[0.153s] Level 1:colcon.colcon_core.package_identification:_identify(.) by extensions ['cmake', 'python']
[0.153s] Level 1:colcon.colcon_core.package_identification:_identify(.) by extension 'cmake'
[0.153s] Level 1:colcon.colcon_core.package_identification:_identify(.) by extension 'python'
[0.153s] Level 1:colcon.colcon_core.package_identification:_identify(.) by extensions ['python_setup_py']
[0.153s] Level 1:colcon.colcon_core.package_identification:_identify(.) by extension 'python_setup_py'
[0.153s] Level 1:colcon.colcon_core.package_identification:_identify(build) by extensions ['ignore', 'ignore_ament_install']
[0.153s] Level 1:colcon.colcon_core.package_identification:_identify(build) by extension 'ignore'
[0.153s] Level 1:colcon.colcon_core.package_identification:_identify(build) ignored
[0.153s] Level 1:colcon.colcon_core.package_identification:_identify(install) by extensions ['ignore', 'ignore_ament_install']
[0.154s] Level 1:colcon.colcon_core.package_identification:_identify(install) by extension 'ignore'
[0.154s] Level 1:colcon.colcon_core.package_identification:_identify(install) ignored
[0.154s] Level 1:colcon.colcon_core.package_identification:_identify(log) by extensions ['ignore', 'ignore_ament_install']
[0.154s] Level 1:colcon.colcon_core.package_identification:_identify(log) by extension 'ignore'
[0.154s] Level 1:colcon.colcon_core.package_identification:_identify(log) ignored
[0.154s] Level 1:colcon.colcon_core.package_identification:_identify(src) by extensions ['ignore', 'ignore_ament_install']
[0.154s] Level 1:colcon.colcon_core.package_identification:_identify(src) by extension 'ignore'
[0.154s] Level 1:colcon.colcon_core.package_identification:_identify(src) by extension 'ignore_ament_install'
[0.154s] Level 1:colcon.colcon_core.package_identification:_identify(src) by extensions ['colcon_pkg']
[0.154s] Level 1:colcon.colcon_core.package_identification:_identify(src) by extension 'colcon_pkg'
[0.154s] Level 1:colcon.colcon_core.package_identification:_identify(src) by extensions ['colcon_meta']
[0.154s] Level 1:colcon.colcon_core.package_identification:_identify(src) by extension 'colcon_meta'
[0.154s] Level 1:colcon.colcon_core.package_identification:_identify(src) by extensions ['ros']
[0.154s] Level 1:colcon.colcon_core.package_identification:_identify(src) by extension 'ros'
[0.154s] Level 1:colcon.colcon_core.package_identification:_identify(src) by extensions ['cmake', 'python']
[0.154s] Level 1:colcon.colcon_core.package_identification:_identify(src) by extension 'cmake'
[0.154s] Level 1:colcon.colcon_core.package_identification:_identify(src) by extension 'python'
[0.154s] Level 1:colcon.colcon_core.package_identification:_identify(src) by extensions ['python_setup_py']
[0.154s] Level 1:colcon.colcon_core.package_identification:_identify(src) by extension 'python_setup_py'
[0.154s] Level 1:colcon.colcon_core.package_identification:_identify(src/hexabot_desc) by extensions ['ignore', 'ignore_ament_install']
[0.154s] Level 1:colcon.colcon_core.package_identification:_identify(src/hexabot_desc) by extension 'ignore'
[0.154s] Level 1:colcon.colcon_core.package_identification:_identify(src/hexabot_desc) by extension 'ignore_ament_install'
[0.154s] Level 1:colcon.colcon_core.package_identification:_identify(src/hexabot_desc) by extensions ['colcon_pkg']
[0.154s] Level 1:colcon.colcon_core.package_identification:_identify(src/hexabot_desc) by extension 'colcon_pkg'
[0.155s] Level 1:colcon.colcon_core.package_identification:_identify(src/hexabot_desc) by extensions ['colcon_meta']
[0.155s] Level 1:colcon.colcon_core.package_identification:_identify(src/hexabot_desc) by extension 'colcon_meta'
[0.155s] Level 1:colcon.colcon_core.package_identification:_identify(src/hexabot_desc) by extensions ['ros']
[0.155s] Level 1:colcon.colcon_core.package_identification:_identify(src/hexabot_desc) by extension 'ros'
[0.157s] DEBUG:colcon.colcon_core.package_identification:Package 'src/hexabot_desc' with type 'ros.ament_python' and name 'hexabot_desc'
[0.157s] Level 1:colcon.colcon_core.package_discovery:discover_packages(recursive) using defaults
[0.157s] Level 1:colcon.colcon_core.package_discovery:discover_packages(ignore) discover
[0.157s] Level 1:colcon.colcon_core.package_discovery:discover_packages(ignore) using defaults
[0.157s] Level 1:colcon.colcon_core.package_discovery:discover_packages(path) discover
[0.157s] Level 1:colcon.colcon_core.package_discovery:discover_packages(path) using defaults
[0.172s] Level 1:colcon.colcon_core.package_discovery:discover_packages(prefix_path) check parameters
[0.172s] Level 1:colcon.colcon_core.package_discovery:discover_packages(prefix_path) discover
[0.172s] WARNING:colcon.colcon_ros.prefix_path.ament:The path '/home/jpm/hexabot_ws/install/hexabot_desc' in the environment variable AMENT_PREFIX_PATH doesn't exist
[0.174s] DEBUG:colcon.colcon_installed_package_information.package_discovery:Found 0 installed packages in /home/jpm/hexabot_ws/install
[0.175s] DEBUG:colcon.colcon_installed_package_information.package_discovery:Found 382 installed packages in /opt/ros/humble
[0.176s] Level 1:colcon.colcon_core.package_discovery:discover_packages(prefix_path) using defaults
[0.231s] Level 5:colcon.colcon_core.verb:set package 'hexabot_desc' build argument 'cmake_args' from command line to 'None'
[0.231s] Level 5:colcon.colcon_core.verb:set package 'hexabot_desc' build argument 'cmake_target' from command line to 'None'
[0.231s] Level 5:colcon.colcon_core.verb:set package 'hexabot_desc' build argument 'cmake_target_skip_unavailable' from command line to 'False'
[0.231s] Level 5:colcon.colcon_core.verb:set package 'hexabot_desc' build argument 'cmake_clean_cache' from command line to 'False'
[0.231s] Level 5:colcon.colcon_core.verb:set package 'hexabot_desc' build argument 'cmake_clean_first' from command line to 'False'
[0.231s] Level 5:colcon.colcon_core.verb:set package 'hexabot_desc' build argument 'cmake_force_configure' from command line to 'False'
[0.231s] Level 5:colcon.colcon_core.verb:set package 'hexabot_desc' build argument 'ament_cmake_args' from command line to 'None'
[0.231s] Level 5:colcon.colcon_core.verb:set package 'hexabot_desc' build argument 'catkin_cmake_args' from command line to 'None'
[0.231s] Level 5:colcon.colcon_core.verb:set package 'hexabot_desc' build argument 'catkin_skip_building_tests' from command line to 'False'
[0.231s] DEBUG:colcon.colcon_core.verb:Building package 'hexabot_desc' with the following arguments: {'ament_cmake_args': None, 'build_base': '/home/jpm/hexabot_ws/build/hexabot_desc', 'catkin_cmake_args': None, 'catkin_skip_building_tests': False, 'cmake_args': None, 'cmake_clean_cache': False, 'cmake_clean_first': False, 'cmake_force_configure': False, 'cmake_target': None, 'cmake_target_skip_unavailable': False, 'install_base': '/home/jpm/hexabot_ws/install/hexabot_desc', 'merge_install': False, 'path': '/home/jpm/hexabot_ws/src/hexabot_desc', 'symlink_install': False, 'test_result_base': None}
[0.231s] INFO:colcon.colcon_core.executor:Executing jobs using 'parallel' executor
[0.232s] DEBUG:colcon.colcon_parallel_executor.executor.parallel:run_until_complete
[0.232s] INFO:colcon.colcon_ros.task.ament_python.build:Building ROS package in '/home/jpm/hexabot_ws/src/hexabot_desc' with build type 'ament_python'
[0.232s] Level 1:colcon.colcon_core.shell:create_environment_hook('hexabot_desc', 'ament_prefix_path')
[0.234s] INFO:colcon.colcon_core.plugin_system:Skipping extension 'colcon_core.shell.bat': Not used on non-Windows systems
[0.235s] INFO:colcon.colcon_core.shell:Creating environment hook '/home/jpm/hexabot_ws/install/hexabot_desc/share/hexabot_desc/hook/ament_prefix_path.ps1'
[0.235s] INFO:colcon.colcon_core.shell:Creating environment descriptor '/home/jpm/hexabot_ws/install/hexabot_desc/share/hexabot_desc/hook/ament_prefix_path.dsv'
[0.236s] INFO:colcon.colcon_core.shell:Creating environment hook '/home/jpm/hexabot_ws/install/hexabot_desc/share/hexabot_desc/hook/ament_prefix_path.sh'
[0.236s] INFO:colcon.colcon_core.shell:Skip shell extension 'powershell' for command environment: Not usable outside of PowerShell
[0.236s] DEBUG:colcon.colcon_core.shell:Skip shell extension 'dsv' for command environment
[0.446s] INFO:colcon.colcon_core.task.python.build:Building Python package in '/home/jpm/hexabot_ws/src/hexabot_desc'
[0.447s] INFO:colcon.colcon_core.shell:Skip shell extension 'powershell' for command environment: Not usable outside of PowerShell
[0.447s] DEBUG:colcon.colcon_core.shell:Skip shell extension 'dsv' for command environment
[1.081s] DEBUG:colcon.colcon_core.event_handler.log_command:Invoking command in '/home/jpm/hexabot_ws/src/hexabot_desc': PYTHONPATH=/home/jpm/hexabot_ws/build/hexabot_desc/prefix_override:/usr/lib/python3/dist-packages/colcon_core/task/python/colcon_distutils_commands:/home/jpm/hexabot_ws/install/hexabot_desc/lib/python3.10/site-packages:${PYTHONPATH} /usr/bin/python3 -W ignore:setup.py install is deprecated -W ignore:easy_install command is deprecated setup.py egg_info --egg-base ../../build/hexabot_desc build --build-base /home/jpm/hexabot_ws/build/hexabot_desc/build install --record /home/jpm/hexabot_ws/build/hexabot_desc/install.log --single-version-externally-managed install_data
[1.667s] DEBUG:colcon.colcon_core.event_handler.log_command:Invoked command in '/home/jpm/hexabot_ws/src/hexabot_desc' returned '0': PYTHONPATH=/home/jpm/hexabot_ws/build/hexabot_desc/prefix_override:/usr/lib/python3/dist-packages/colcon_core/task/python/colcon_distutils_commands:/home/jpm/hexabot_ws/install/hexabot_desc/lib/python3.10/site-packages:${PYTHONPATH} /usr/bin/python3 -W ignore:setup.py install is deprecated -W ignore:easy_install command is deprecated setup.py egg_info --egg-base ../../build/hexabot_desc build --build-base /home/jpm/hexabot_ws/build/hexabot_desc/build install --record /home/jpm/hexabot_ws/build/hexabot_desc/install.log --single-version-externally-managed install_data
[1.671s] Level 1:colcon.colcon_core.environment:checking '/home/jpm/hexabot_ws/install/hexabot_desc' for CMake module files
[1.671s] Level 1:colcon.colcon_core.environment:checking '/home/jpm/hexabot_ws/install/hexabot_desc' for CMake config files
[1.673s] Level 1:colcon.colcon_core.environment:checking '/home/jpm/hexabot_ws/install/hexabot_desc/lib'
[1.673s] Level 1:colcon.colcon_core.environment:checking '/home/jpm/hexabot_ws/install/hexabot_desc/bin'
[1.673s] Level 1:colcon.colcon_core.environment:checking '/home/jpm/hexabot_ws/install/hexabot_desc/lib/pkgconfig/hexabot_desc.pc'
[1.674s] Level 1:colcon.colcon_core.environment:checking '/home/jpm/hexabot_ws/install/hexabot_desc/lib/python3.10/site-packages'
[1.674s] Level 1:colcon.colcon_core.shell:create_environment_hook('hexabot_desc', 'pythonpath')
[1.674s] INFO:colcon.colcon_core.shell:Creating environment hook '/home/jpm/hexabot_ws/install/hexabot_desc/share/hexabot_desc/hook/pythonpath.ps1'
[1.675s] INFO:colcon.colcon_core.shell:Creating environment descriptor '/home/jpm/hexabot_ws/install/hexabot_desc/share/hexabot_desc/hook/pythonpath.dsv'
[1.676s] INFO:colcon.colcon_core.shell:Creating environment hook '/home/jpm/hexabot_ws/install/hexabot_desc/share/hexabot_desc/hook/pythonpath.sh'
[1.677s] Level 1:colcon.colcon_core.environment:checking '/home/jpm/hexabot_ws/install/hexabot_desc/bin'
[1.677s] Level 1:colcon.colcon_core.environment:create_environment_scripts_only(hexabot_desc)
[1.678s] INFO:colcon.colcon_core.shell:Creating package script '/home/jpm/hexabot_ws/install/hexabot_desc/share/hexabot_desc/package.ps1'
[1.679s] INFO:colcon.colcon_core.shell:Creating package descriptor '/home/jpm/hexabot_ws/install/hexabot_desc/share/hexabot_desc/package.dsv'
[1.680s] INFO:colcon.colcon_core.shell:Creating package script '/home/jpm/hexabot_ws/install/hexabot_desc/share/hexabot_desc/package.sh'
[1.682s] INFO:colcon.colcon_core.shell:Creating package script '/home/jpm/hexabot_ws/install/hexabot_desc/share/hexabot_desc/package.bash'
[1.683s] INFO:colcon.colcon_core.shell:Creating package script '/home/jpm/hexabot_ws/install/hexabot_desc/share/hexabot_desc/package.zsh'
[1.684s] Level 1:colcon.colcon_core.environment:create_file_with_runtime_dependencies(/home/jpm/hexabot_ws/install/hexabot_desc/share/colcon-core/packages/hexabot_desc)
[1.685s] DEBUG:colcon.colcon_parallel_executor.executor.parallel:closing loop
[1.686s] DEBUG:colcon.colcon_parallel_executor.executor.parallel:loop closed
[1.686s] DEBUG:colcon.colcon_parallel_executor.executor.parallel:run_until_complete finished with '0'
[1.686s] DEBUG:colcon.colcon_core.event_reactor:joining thread
[1.695s] INFO:colcon.colcon_core.plugin_system:Skipping extension 'colcon_notification.desktop_notification.terminal_notifier': Not used on non-Darwin systems
[1.695s] INFO:colcon.colcon_core.plugin_system:Skipping extension 'colcon_notification.desktop_notification.win32': Not used on non-Windows systems
[1.695s] INFO:colcon.colcon_notification.desktop_notification:Sending desktop notification using 'notify2'
[1.714s] DEBUG:colcon.colcon_core.event_reactor:joined thread
[1.715s] INFO:colcon.colcon_core.shell:Creating prefix script '/home/jpm/hexabot_ws/install/local_setup.ps1'
[1.717s] INFO:colcon.colcon_core.shell:Creating prefix util module '/home/jpm/hexabot_ws/install/_local_setup_util_ps1.py'
[1.720s] INFO:colcon.colcon_core.shell:Creating prefix chain script '/home/jpm/hexabot_ws/install/setup.ps1'
[1.721s] INFO:colcon.colcon_core.shell:Creating prefix script '/home/jpm/hexabot_ws/install/local_setup.sh'
[1.722s] INFO:colcon.colcon_core.shell:Creating prefix util module '/home/jpm/hexabot_ws/install/_local_setup_util_sh.py'
[1.723s] INFO:colcon.colcon_core.shell:Creating prefix chain script '/home/jpm/hexabot_ws/install/setup.sh'
[1.725s] INFO:colcon.colcon_core.shell:Creating prefix script '/home/jpm/hexabot_ws/install/local_setup.bash'
[1.726s] INFO:colcon.colcon_core.shell:Creating prefix chain script '/home/jpm/hexabot_ws/install/setup.bash'
[1.728s] INFO:colcon.colcon_core.shell:Creating prefix script '/home/jpm/hexabot_ws/install/local_setup.zsh'
[1.729s] INFO:colcon.colcon_core.shell:Creating prefix chain script '/home/jpm/hexabot_ws/install/setup.zsh'
