/home/jpm/hexabot_ws/install/hexabot_desc/lib/python3.10/site-packages/hexabot_desc/__init__.py
/home/jpm/hexabot_ws/install/hexabot_desc/lib/python3.10/site-packages/hexabot_desc/__pycache__/__init__.cpython-310.pyc
/home/jpm/hexabot_ws/install/hexabot_desc/share/ament_index/resource_index/packages/hexabot_desc
/home/jpm/hexabot_ws/install/hexabot_desc/share/hexabot_desc/package.xml
/home/jpm/hexabot_ws/install/hexabot_desc/share/hexabot_desc/launch/view_robot_in_gazebo.launch.py
/home/jpm/hexabot_ws/install/hexabot_desc/share/hexabot_desc/urdf/hexabot_v2.urdf
/home/jpm/hexabot_ws/install/hexabot_desc/share/hexabot_desc/urdf/meshes/j18.stl
/home/jpm/hexabot_ws/install/hexabot_desc/share/hexabot_desc/urdf/meshes/j14.stl
/home/jpm/hexabot_ws/install/hexabot_desc/share/hexabot_desc/urdf/meshes/j1.stl
/home/jpm/hexabot_ws/install/hexabot_desc/share/hexabot_desc/urdf/meshes/j17.stl
/home/jpm/hexabot_ws/install/hexabot_desc/share/hexabot_desc/urdf/meshes/j2.stl
/home/jpm/hexabot_ws/install/hexabot_desc/share/hexabot_desc/urdf/meshes/j13.stl
/home/jpm/hexabot_ws/install/hexabot_desc/share/hexabot_desc/urdf/meshes/j24.stl
/home/jpm/hexabot_ws/install/hexabot_desc/share/hexabot_desc/urdf/meshes/j3.stl
/home/jpm/hexabot_ws/install/hexabot_desc/share/hexabot_desc/urdf/meshes/j22.stl
/home/jpm/hexabot_ws/install/hexabot_desc/share/hexabot_desc/urdf/meshes/j8.stl
/home/jpm/hexabot_ws/install/hexabot_desc/share/hexabot_desc/urdf/meshes/j7.stl
/home/jpm/hexabot_ws/install/hexabot_desc/share/hexabot_desc/urdf/meshes/j4.stl
/home/jpm/hexabot_ws/install/hexabot_desc/share/hexabot_desc/urdf/meshes/j6.stl
/home/jpm/hexabot_ws/install/hexabot_desc/share/hexabot_desc/urdf/meshes/j20.stl
/home/jpm/hexabot_ws/install/hexabot_desc/share/hexabot_desc/urdf/meshes/j23.stl
/home/jpm/hexabot_ws/install/hexabot_desc/share/hexabot_desc/urdf/meshes/j9.stl
/home/jpm/hexabot_ws/install/hexabot_desc/share/hexabot_desc/urdf/meshes/j21.stl
/home/jpm/hexabot_ws/install/hexabot_desc/share/hexabot_desc/urdf/meshes/j5.stl
/home/jpm/hexabot_ws/install/hexabot_desc/share/hexabot_desc/urdf/meshes/j16.stl
/home/jpm/hexabot_ws/install/hexabot_desc/share/hexabot_desc/urdf/meshes/j12.stl
/home/jpm/hexabot_ws/install/hexabot_desc/share/hexabot_desc/urdf/meshes/base_link.stl
/home/jpm/hexabot_ws/install/hexabot_desc/share/hexabot_desc/urdf/meshes/j11.stl
/home/jpm/hexabot_ws/install/hexabot_desc/share/hexabot_desc/urdf/meshes/j19.stl
/home/jpm/hexabot_ws/install/hexabot_desc/share/hexabot_desc/urdf/meshes/j15.stl
/home/jpm/hexabot_ws/install/hexabot_desc/share/hexabot_desc/urdf/meshes/j10.stl
/home/jpm/hexabot_ws/install/hexabot_desc/lib/python3.10/site-packages/hexabot_desc-0.0.0-py3.10.egg-info/PKG-INFO
/home/jpm/hexabot_ws/install/hexabot_desc/lib/python3.10/site-packages/hexabot_desc-0.0.0-py3.10.egg-info/requires.txt
/home/jpm/hexabot_ws/install/hexabot_desc/lib/python3.10/site-packages/hexabot_desc-0.0.0-py3.10.egg-info/zip-safe
/home/jpm/hexabot_ws/install/hexabot_desc/lib/python3.10/site-packages/hexabot_desc-0.0.0-py3.10.egg-info/dependency_links.txt
/home/jpm/hexabot_ws/install/hexabot_desc/lib/python3.10/site-packages/hexabot_desc-0.0.0-py3.10.egg-info/SOURCES.txt
/home/jpm/hexabot_ws/install/hexabot_desc/lib/python3.10/site-packages/hexabot_desc-0.0.0-py3.10.egg-info/top_level.txt
